#
# There is insufficient memory for the Java Runtime Environment to continue.
# Native memory allocation (malloc) failed to allocate 262160 bytes for Chunk::new
# Possible reasons:
#   The system is out of physical RAM or swap space
#   The process is running with CompressedOops enabled, and the Java Heap may be blocking the growth of the native heap
# Possible solutions:
#   Reduce memory load on the system
#   Increase physical memory or swap space
#   Check if swap backing store is full
#   Decrease Java heap size (-Xmx/-Xms)
#   Decrease number of Java threads
#   Decrease Java thread stack sizes (-Xss)
#   Set larger code cache with -XX:ReservedCodeCacheSize=
#   JVM is running with Unscaled Compressed Oops mode in which the Java heap is
#     placed in the first 4GB address space. The Java Heap base address is the
#     maximum limit for the native heap growth. Please use -XX:HeapBaseMinAddress
#     to set the Java Heap base and to place the Java Heap above 4GB virtual address.
# This output file may be truncated or incomplete.
#
#  Out of Memory Error (allocation.cpp:389), pid=7244, tid=0x0000000000002de8
#
# JRE version: Java(TM) SE Runtime Environment (8.0_231-b11) (build 1.8.0_231-b11)
# Java VM: Java HotSpot(TM) 64-Bit Server VM (25.231-b11 mixed mode windows-amd64 compressed oops)
# Failed to write core dump. Minidumps are not enabled by default on client versions of Windows
#

---------------  T H R E A D  ---------------

Current thread (0x0000000015fee000):  JavaThread "C2 CompilerThread0" daemon [_thread_in_native, id=11752, stack(0x0000000017650000,0x0000000017750000)]

Stack: [0x0000000017650000,0x0000000017750000]
[error occurred during error reporting (printing stack bounds), id 0xc0000005]

Native frames: (J=compiled Java code, j=interpreted, Vv=VM code, C=native code)


Current CompileTask:
C2:  40315 5209       4       org.springframework.core.ResolvableType::forType (115 bytes)


---------------  P R O C E S S  ---------------

Java Threads: ( => current thread )
  0x0000000017a66000 JavaThread "HikariPool-1 housekeeper" daemon [_thread_blocked, id=320, stack(0x0000000020020000,0x0000000020120000)]
  0x0000000017a65000 JavaThread "PostgreSQL-JDBC-SharedTimer-1" daemon [_thread_blocked, id=11724, stack(0x000000001ff20000,0x0000000020020000)]
  0x0000000017ae3800 JavaThread "surefire-forkedjvm-ping-30s" daemon [_thread_in_native, id=5732, stack(0x00000000181b0000,0x00000000182b0000)]
  0x0000000017a51000 JavaThread "surefire-forkedjvm-command-thread" daemon [_thread_in_native, id=13008, stack(0x00000000180b0000,0x00000000181b0000)]
  0x0000000017971000 JavaThread "Service Thread" daemon [_thread_blocked, id=1820, stack(0x0000000017d50000,0x0000000017e50000)]
  0x0000000016027800 JavaThread "C1 CompilerThread2" daemon [_thread_blocked, id=8700, stack(0x0000000017850000,0x0000000017950000)]
  0x0000000015ff1000 JavaThread "C2 CompilerThread1" daemon [_thread_in_native, id=2888, stack(0x0000000017750000,0x0000000017850000)]
=>0x0000000015fee000 JavaThread "C2 CompilerThread0" daemon [_thread_in_native, id=11752, stack(0x0000000017650000,0x0000000017750000)]
  0x0000000015ffa000 JavaThread "Attach Listener" daemon [_thread_blocked, id=6692, stack(0x0000000017550000,0x0000000017650000)]
  0x0000000015ff8800 JavaThread "Signal Dispatcher" daemon [_thread_blocked, id=4552, stack(0x0000000017450000,0x0000000017550000)]
  0x000000000284c000 JavaThread "Finalizer" daemon [_thread_blocked, id=1192, stack(0x0000000017240000,0x0000000017340000)]
  0x0000000015fda800 JavaThread "Reference Handler" daemon [_thread_blocked, id=5232, stack(0x0000000017140000,0x0000000017240000)]
  0x000000000274e800 JavaThread "main" [_thread_in_Java, id=2628, stack(0x0000000002590000,0x0000000002690000)]

Other Threads:
  0x0000000015fb7000 VMThread [stack: 0x0000000017040000,0x0000000017140000] [id=4428]
  0x000000001604d800 WatcherThread [stack: 0x0000000017fb0000,0x00000000180b0000] [id=9856]

VM state:not at safepoint (normal execution)

VM Mutex/Monitor currently owned by a thread: None

heap address: 0x00000000a3200000, size: 1486 MB, Compressed Oops mode: 32-bit
Narrow klass base: 0x0000000000000000, Narrow klass shift: 3
Compressed class space size: 1073741824 Address: 0x0000000100000000

Heap:
 PSYoungGen      total 165376K, used 13319K [0x00000000e1100000, 0x00000000eef80000, 0x0000000100000000)
  eden space 150016K, 8% used [0x00000000e1100000,0x00000000e1e01f78,0x00000000ea380000)
  from space 15360K, 0% used [0x00000000ee080000,0x00000000ee080000,0x00000000eef80000)
  to   space 11776K, 0% used [0x00000000ea380000,0x00000000ea380000,0x00000000eaf00000)
 ParOldGen       total 62464K, used 21221K [0x00000000a3200000, 0x00000000a6f00000, 0x00000000e1100000)
  object space 62464K, 33% used [0x00000000a3200000,0x00000000a46b9548,0x00000000a6f00000)
 Metaspace       used 56462K, capacity 59628K, committed 59904K, reserved 1101824K
  class space    used 7878K, capacity 8422K, committed 8448K, reserved 1048576K

Card table byte_map: [0x0000000011c10000,0x0000000011f00000] byte_map_base: 0x00000000116f7000

Marking Bits: (ParMarkBitMap*) 0x0000000073466d90
 Begin Bits: [0x00000000124f0000, 0x0000000013c28000)
 End Bits:   [0x0000000013c28000, 0x0000000015360000)

Polling page: 0x0000000000a40000

CodeCache: size=245760Kb used=16802Kb max_used=16802Kb free=228957Kb
 bounds [0x0000000002850000, 0x00000000038d0000, 0x0000000011850000]
 total_blobs=5395 nmethods=4855 adapters=452
 compilation: enabled

Compilation events (10 events):
Event: 40.284 Thread 0x0000000016027800 5260       3       java.lang.invoke.SimpleMethodHandle::copyWithExtendL (7 bytes)
Event: 40.284 Thread 0x0000000016027800 nmethod 5260 0x00000000038c5cd0 code [0x00000000038c5e60, 0x00000000038c6188]
Event: 40.284 Thread 0x0000000016027800 5261       3       java.lang.invoke.BoundMethodHandle::bindSingle (7 bytes)
Event: 40.284 Thread 0x0000000016027800 nmethod 5261 0x00000000038c6350 code [0x00000000038c64c0, 0x00000000038c6788]
Event: 40.293 Thread 0x0000000016027800 5262       3       java.util.Formatter$FixedString::<init> (15 bytes)
Event: 40.293 Thread 0x0000000016027800 nmethod 5262 0x00000000038c6910 code [0x00000000038c6a60, 0x00000000038c6c30]
Event: 40.293 Thread 0x0000000016027800 5263       3       java.util.Formatter$FixedString::print (18 bytes)
Event: 40.293 Thread 0x0000000016027800 nmethod 5263 0x00000000038c6cd0 code [0x00000000038c6e40, 0x00000000038c7088]
Event: 40.305 Thread 0x0000000016027800 5264       1       org.springframework.core.MethodParameter::getAnnotatedElement (5 bytes)
Event: 40.305 Thread 0x0000000016027800 nmethod 5264 0x00000000038c7190 code [0x00000000038c72e0, 0x00000000038c73f0]

GC Heap History (10 events):
Event: 7.585 GC heap before
{Heap before GC invocations=13 (full 2):
 PSYoungGen      total 120832K, used 2467K [0x00000000e1100000, 0x00000000eba80000, 0x0000000100000000)
  eden space 112640K, 0% used [0x00000000e1100000,0x00000000e1100000,0x00000000e7f00000)
  from space 8192K, 30% used [0x00000000e7f00000,0x00000000e8168fe8,0x00000000e8700000)
  to   space 8704K, 0% used [0x00000000eb200000,0x00000000eb200000,0x00000000eba80000)
 ParOldGen       total 41984K, used 13622K [0x00000000a3200000, 0x00000000a5b00000, 0x00000000e1100000)
  object space 41984K, 32% used [0x00000000a3200000,0x00000000a3f4dbd0,0x00000000a5b00000)
 Metaspace       used 33432K, capacity 35376K, committed 35416K, reserved 1079296K
  class space    used 4458K, capacity 4842K, committed 4864K, reserved 1048576K
Event: 7.647 GC heap after
Heap after GC invocations=13 (full 2):
 PSYoungGen      total 120832K, used 0K [0x00000000e1100000, 0x00000000eba80000, 0x0000000100000000)
  eden space 112640K, 0% used [0x00000000e1100000,0x00000000e1100000,0x00000000e7f00000)
  from space 8192K, 0% used [0x00000000e7f00000,0x00000000e7f00000,0x00000000e8700000)
  to   space 8704K, 0% used [0x00000000eb200000,0x00000000eb200000,0x00000000eba80000)
 ParOldGen       total 62464K, used 12467K [0x00000000a3200000, 0x00000000a6f00000, 0x00000000e1100000)
  object space 62464K, 19% used [0x00000000a3200000,0x00000000a3e2cf50,0x00000000a6f00000)
 Metaspace       used 33432K, capacity 35376K, committed 35416K, reserved 1079296K
  class space    used 4458K, capacity 4842K, committed 4864K, reserved 1048576K
}
Event: 35.137 GC heap before
{Heap before GC invocations=14 (full 2):
 PSYoungGen      total 120832K, used 112640K [0x00000000e1100000, 0x00000000eba80000, 0x0000000100000000)
  eden space 112640K, 100% used [0x00000000e1100000,0x00000000e7f00000,0x00000000e7f00000)
  from space 8192K, 0% used [0x00000000e7f00000,0x00000000e7f00000,0x00000000e8700000)
  to   space 8704K, 0% used [0x00000000eb200000,0x00000000eb200000,0x00000000eba80000)
 ParOldGen       total 62464K, used 12467K [0x00000000a3200000, 0x00000000a6f00000, 0x00000000e1100000)
  object space 62464K, 19% used [0x00000000a3200000,0x00000000a3e2cf50,0x00000000a6f00000)
 Metaspace       used 46317K, capacity 48496K, committed 48768K, reserved 1091584K
  class space    used 6290K, capacity 6704K, committed 6784K, reserved 1048576K
Event: 35.156 GC heap after
Heap after GC invocations=14 (full 2):
 PSYoungGen      total 158208K, used 8697K [0x00000000e1100000, 0x00000000eba80000, 0x0000000100000000)
  eden space 149504K, 0% used [0x00000000e1100000,0x00000000e1100000,0x00000000ea300000)
  from space 8704K, 99% used [0x00000000eb200000,0x00000000eba7e740,0x00000000eba80000)
  to   space 11776K, 0% used [0x00000000ea380000,0x00000000ea380000,0x00000000eaf00000)
 ParOldGen       total 62464K, used 18352K [0x00000000a3200000, 0x00000000a6f00000, 0x00000000e1100000)
  object space 62464K, 29% used [0x00000000a3200000,0x00000000a43ec318,0x00000000a6f00000)
 Metaspace       used 46317K, capacity 48496K, committed 48768K, reserved 1091584K
  class space    used 6290K, capacity 6704K, committed 6784K, reserved 1048576K
}
Event: 39.347 GC heap before
{Heap before GC invocations=15 (full 2):
 PSYoungGen      total 158208K, used 158201K [0x00000000e1100000, 0x00000000eba80000, 0x0000000100000000)
  eden space 149504K, 100% used [0x00000000e1100000,0x00000000ea300000,0x00000000ea300000)
  from space 8704K, 99% used [0x00000000eb200000,0x00000000eba7e740,0x00000000eba80000)
  to   space 11776K, 0% used [0x00000000ea380000,0x00000000ea380000,0x00000000eaf00000)
 ParOldGen       total 62464K, used 18352K [0x00000000a3200000, 0x00000000a6f00000, 0x00000000e1100000)
  object space 62464K, 29% used [0x00000000a3200000,0x00000000a43ec318,0x00000000a6f00000)
 Metaspace       used 55718K, capacity 58570K, committed 58752K, reserved 1099776K
  class space    used 7732K, capacity 8253K, committed 8320K, reserved 1048576K
Event: 39.396 GC heap after
Heap after GC invocations=15 (full 2):
 PSYoungGen      total 161792K, used 11762K [0x00000000e1100000, 0x00000000eef80000, 0x0000000100000000)
  eden space 150016K, 0% used [0x00000000e1100000,0x00000000e1100000,0x00000000ea380000)
  from space 11776K, 99% used [0x00000000ea380000,0x00000000eaefcaa8,0x00000000eaf00000)
  to   space 15360K, 0% used [0x00000000ee080000,0x00000000ee080000,0x00000000eef80000)
 ParOldGen       total 62464K, used 24069K [0x00000000a3200000, 0x00000000a6f00000, 0x00000000e1100000)
  object space 62464K, 38% used [0x00000000a3200000,0x00000000a4981650,0x00000000a6f00000)
 Metaspace       used 55718K, capacity 58570K, committed 58752K, reserved 1099776K
  class space    used 7732K, capacity 8253K, committed 8320K, reserved 1048576K
}
Event: 39.827 GC heap before
{Heap before GC invocations=16 (full 2):
 PSYoungGen      total 161792K, used 34017K [0x00000000e1100000, 0x00000000eef80000, 0x0000000100000000)
  eden space 150016K, 14% used [0x00000000e1100000,0x00000000e26bbaa8,0x00000000ea380000)
  from space 11776K, 99% used [0x00000000ea380000,0x00000000eaefcaa8,0x00000000eaf00000)
  to   space 15360K, 0% used [0x00000000ee080000,0x00000000ee080000,0x00000000eef80000)
 ParOldGen       total 62464K, used 24069K [0x00000000a3200000, 0x00000000a6f00000, 0x00000000e1100000)
  object space 62464K, 38% used [0x00000000a3200000,0x00000000a4981650,0x00000000a6f00000)
 Metaspace       used 56154K, capacity 58952K, committed 59008K, reserved 1099776K
  class space    used 7784K, capacity 8290K, committed 8320K, reserved 1048576K
Event: 39.856 GC heap after
Heap after GC invocations=16 (full 2):
 PSYoungGen      total 165376K, used 1134K [0x00000000e1100000, 0x00000000eef80000, 0x0000000100000000)
  eden space 150016K, 0% used [0x00000000e1100000,0x00000000e1100000,0x00000000ea380000)
  from space 15360K, 7% used [0x00000000ee080000,0x00000000ee19b8b0,0x00000000eef80000)
  to   space 11776K, 0% used [0x00000000ea380000,0x00000000ea380000,0x00000000eaf00000)
 ParOldGen       total 62464K, used 28621K [0x00000000a3200000, 0x00000000a6f00000, 0x00000000e1100000)
  object space 62464K, 45% used [0x00000000a3200000,0x00000000a4df36a0,0x00000000a6f00000)
 Metaspace       used 56154K, capacity 58952K, committed 59008K, reserved 1099776K
  class space    used 7784K, capacity 8290K, committed 8320K, reserved 1048576K
}
Event: 39.856 GC heap before
{Heap before GC invocations=17 (full 3):
 PSYoungGen      total 165376K, used 1134K [0x00000000e1100000, 0x00000000eef80000, 0x0000000100000000)
  eden space 150016K, 0% used [0x00000000e1100000,0x00000000e1100000,0x00000000ea380000)
  from space 15360K, 7% used [0x00000000ee080000,0x00000000ee19b8b0,0x00000000eef80000)
  to   space 11776K, 0% used [0x00000000ea380000,0x00000000ea380000,0x00000000eaf00000)
 ParOldGen       total 62464K, used 28621K [0x00000000a3200000, 0x00000000a6f00000, 0x00000000e1100000)
  object space 62464K, 45% used [0x00000000a3200000,0x00000000a4df36a0,0x00000000a6f00000)
 Metaspace       used 56154K, capacity 58952K, committed 59008K, reserved 1099776K
  class space    used 7784K, capacity 8290K, committed 8320K, reserved 1048576K
Event: 40.128 GC heap after
Heap after GC invocations=17 (full 3):
 PSYoungGen      total 165376K, used 0K [0x00000000e1100000, 0x00000000eef80000, 0x0000000100000000)
  eden space 150016K, 0% used [0x00000000e1100000,0x00000000e1100000,0x00000000ea380000)
  from space 15360K, 0% used [0x00000000ee080000,0x00000000ee080000,0x00000000eef80000)
  to   space 11776K, 0% used [0x00000000ea380000,0x00000000ea380000,0x00000000eaf00000)
 ParOldGen       total 62464K, used 21221K [0x00000000a3200000, 0x00000000a6f00000, 0x00000000e1100000)
  object space 62464K, 33% used [0x00000000a3200000,0x00000000a46b9548,0x00000000a6f00000)
 Metaspace       used 56154K, capacity 58952K, committed 59008K, reserved 1099776K
  class space    used 7784K, capacity 8290K, committed 8320K, reserved 1048576K
}

Deoptimization events (10 events):
Event: 38.335 Thread 0x000000000274e800 Uncommon trap: reason=unstable_if action=reinterpret pc=0x00000000034866f0 method=java.util.regex.Pattern$Branch.match(Ljava/util/regex/Matcher;ILjava/lang/CharSequence;)Z @ 35
Event: 38.347 Thread 0x000000000274e800 Uncommon trap: reason=unstable_if action=reinterpret pc=0x00000000033a6b70 method=java.util.regex.Pattern$Curly.match(Ljava/util/regex/Matcher;ILjava/lang/CharSequence;)Z @ 45
Event: 38.403 Thread 0x000000000274e800 Uncommon trap: reason=class_check action=maybe_recompile pc=0x0000000003307308 method=org.springframework.beans.factory.support.AbstractBeanFactory.isTypeMatch(Ljava/lang/String;Lorg/springframework/core/ResolvableType;Z)Z @ 53
Event: 38.417 Thread 0x000000000274e800 Uncommon trap: reason=unstable_if action=reinterpret pc=0x0000000002fb8444 method=java.util.LinkedList.node(I)Ljava/util/LinkedList$Node; @ 19
Event: 38.426 Thread 0x000000000274e800 Uncommon trap: reason=unstable_if action=reinterpret pc=0x000000000353be90 method=java.lang.Class.arrayContentsEq([Ljava/lang/Object;[Ljava/lang/Object;)Z @ 1
Event: 38.444 Thread 0x000000000274e800 Uncommon trap: reason=unstable_if action=reinterpret pc=0x000000000369042c method=org.springframework.aop.framework.autoproxy.AbstractAutoProxyCreator.predictBeanType(Ljava/lang/Class;Ljava/lang/String;)Ljava/lang/Class; @ 9
Event: 38.510 Thread 0x000000000274e800 Uncommon trap: reason=unstable_if action=reinterpret pc=0x00000000036e94b4 method=org.springframework.core.annotation.TypeMappedAnnotations$MergedAnnotationFinder.doWithAnnotations(Ljava/lang/Object;ILjava/lang/Object;[Ljava/lang/annotation/Annotation;)Lo
Event: 38.564 Thread 0x000000000274e800 Uncommon trap: reason=unstable_if action=reinterpret pc=0x000000000371c900 method=java.lang.Class.getEnclosingMethodInfo()Ljava/lang/Class$EnclosingMethodInfo; @ 6
Event: 39.792 Thread 0x000000000274e800 Uncommon trap: reason=unstable_if action=reinterpret pc=0x0000000002dc0c7c method=java.io.WinNTFileSystem.isLetter(C)Z @ 3
Event: 39.799 Thread 0x000000000274e800 Uncommon trap: reason=unstable_if action=reinterpret pc=0x0000000002dd3e20 method=java.io.WinNTFileSystem.resolve(Ljava/lang/String;Ljava/lang/String;)Ljava/lang/String; @ 117

Classes redefined (0 events):
No events

Internal exceptions (10 events):
Event: 40.230 Thread 0x000000000274e800 Exception <a 'java/lang/ClassNotFoundException': org/springframework/core/OrderedCustomizer> (0x00000000e18192c0) thrown at [C:\re\workspace\8-2-build-windows-amd64-cygwin\jdk8u231\13620\hotspot\src\share\vm\classfile\systemDictionary.cpp, line 210]
Event: 40.233 Thread 0x000000000274e800 Exception <a 'java/lang/ClassNotFoundException': java/lang/ObjectCustomizer> (0x00000000e1830020) thrown at [C:\re\workspace\8-2-build-windows-amd64-cygwin\jdk8u231\13620\hotspot\src\share\vm\classfile\systemDictionary.cpp, line 210]
Event: 40.235 Thread 0x000000000274e800 Exception <a 'java/lang/ClassNotFoundException': org/springframework/boot/autoconfigure/http/HttpPropertiesCustomizer> (0x00000000e1858190) thrown at [C:\re\workspace\8-2-build-windows-amd64-cygwin\jdk8u231\13620\hotspot\src\share\vm\classfile\systemDicti
Event: 40.238 Thread 0x000000000274e800 Exception <a 'java/lang/ClassNotFoundException': java/lang/ObjectCustomizer> (0x00000000e1871e60) thrown at [C:\re\workspace\8-2-build-windows-amd64-cygwin\jdk8u231\13620\hotspot\src\share\vm\classfile\systemDictionary.cpp, line 210]
Event: 40.239 Thread 0x000000000274e800 Exception <a 'java/lang/ClassNotFoundException': org/springframework/boot/autoconfigure/web/servlet/HttpEncodingAutoConfigurationCustomizer> (0x00000000e18a0a88) thrown at [C:\re\workspace\8-2-build-windows-amd64-cygwin\jdk8u231\13620\hotspot\src\share\vm
Event: 40.242 Thread 0x000000000274e800 Exception <a 'java/lang/ClassNotFoundException': java/lang/ObjectCustomizer> (0x00000000e18b2778) thrown at [C:\re\workspace\8-2-build-windows-amd64-cygwin\jdk8u231\13620\hotspot\src\share\vm\classfile\systemDictionary.cpp, line 210]
Event: 40.243 Thread 0x000000000274e800 Exception <a 'java/lang/ClassNotFoundException': org/springframework/boot/autoconfigure/web/servlet/HttpEncodingAutoConfiguration$LocaleCharsetMappingsCustomizerCustomizer> (0x00000000e18ecd10) thrown at [C:\re\workspace\8-2-build-windows-amd64-cygwin\jdk
Event: 40.245 Thread 0x000000000274e800 Exception <a 'java/lang/ClassNotFoundException': org/springframework/boot/web/server/WebServerFactoryCustomizerCustomizer> (0x00000000e1919d38) thrown at [C:\re\workspace\8-2-build-windows-amd64-cygwin\jdk8u231\13620\hotspot\src\share\vm\classfile\systemD
Event: 40.245 Thread 0x000000000274e800 Exception <a 'java/lang/ClassNotFoundException': org/springframework/core/OrderedCustomizer> (0x00000000e1934600) thrown at [C:\re\workspace\8-2-build-windows-amd64-cygwin\jdk8u231\13620\hotspot\src\share\vm\classfile\systemDictionary.cpp, line 210]
Event: 40.310 Thread 0x000000000274e800 Exception <a 'java/lang/ClassNotFoundException': java/lang/ObjectCustomizer> (0x00000000e1b49f78) thrown at [C:\re\workspace\8-2-build-windows-amd64-cygwin\jdk8u231\13620\hotspot\src\share\vm\classfile\systemDictionary.cpp, line 210]

Events (10 events):
Event: 40.300 loading class org/springframework/boot/autoconfigure/web/ServerProperties$Tomcat$Resource
Event: 40.300 loading class org/springframework/boot/autoconfigure/web/ServerProperties$Tomcat$Resource done
Event: 40.300 loading class org/apache/catalina/Context
Event: 40.300 loading class org/apache/catalina/Context done
Event: 40.300 loading class org/springframework/boot/web/embedded/tomcat/TomcatContextCustomizer
Event: 40.300 loading class org/springframework/boot/web/embedded/tomcat/TomcatContextCustomizer done
Event: 40.310 loading class java/lang/ObjectCustomizer
Event: 40.310 loading class java/lang/ObjectCustomizer done
Event: 40.310 loading class java/lang/ObjectCustomizer
Event: 40.310 loading class java/lang/ObjectCustomizer done


Dynamic libraries:
0x00007ff7daf90000 - 0x00007ff7dafc7000 	C:\Program Files\Java\jdk1.8.0_231\jre\bin\java.exe
0x00007ffd87cf0000 - 0x00007ffd87edd000 	C:\WINDOWS\SYSTEM32\ntdll.dll
0x00007ffd74fd0000 - 0x00007ffd74fe5000 	C:\Program Files\AVAST Software\Avast\aswhook.dll
0x00007ffd87940000 - 0x00007ffd879f3000 	C:\WINDOWS\System32\KERNEL32.DLL
0x00007ffd842c0000 - 0x00007ffd84553000 	C:\WINDOWS\System32\KERNELBASE.dll
0x00007ffd86b60000 - 0x00007ffd86c03000 	C:\WINDOWS\System32\ADVAPI32.dll
0x00007ffd87780000 - 0x00007ffd8781e000 	C:\WINDOWS\System32\msvcrt.dll
0x00007ffd87c20000 - 0x00007ffd87cbe000 	C:\WINDOWS\System32\sechost.dll
0x00007ffd86c10000 - 0x00007ffd86d32000 	C:\WINDOWS\System32\RPCRT4.dll
0x00007ffd86e00000 - 0x00007ffd86f97000 	C:\WINDOWS\System32\USER32.dll
0x00007ffd847a0000 - 0x00007ffd847c0000 	C:\WINDOWS\System32\win32u.dll
0x00007ffd87a90000 - 0x00007ffd87ab9000 	C:\WINDOWS\System32\GDI32.dll
0x00007ffd84560000 - 0x00007ffd846f9000 	C:\WINDOWS\System32\gdi32full.dll
0x00007ffd84700000 - 0x00007ffd847a0000 	C:\WINDOWS\System32\msvcp_win.dll
0x00007ffd83f00000 - 0x00007ffd83ffa000 	C:\WINDOWS\System32\ucrtbase.dll
0x00007ffd74880000 - 0x00007ffd74af9000 	C:\WINDOWS\WinSxS\amd64_microsoft.windows.common-controls_6595b64144ccf1df_6.0.17763.1039_none_de701650534c7021\COMCTL32.dll
0x00007ffd87450000 - 0x00007ffd8777c000 	C:\WINDOWS\System32\combase.dll
0x00007ffd83e80000 - 0x00007ffd83efe000 	C:\WINDOWS\System32\bcryptPrimitives.dll
0x00007ffd85500000 - 0x00007ffd8552e000 	C:\WINDOWS\System32\IMM32.DLL
0x00000000734f0000 - 0x00000000735c2000 	C:\Program Files\Java\jdk1.8.0_231\jre\bin\msvcr100.dll
0x0000000072c40000 - 0x00000000734e6000 	C:\Program Files\Java\jdk1.8.0_231\jre\bin\server\jvm.dll
0x00007ffd87440000 - 0x00007ffd87448000 	C:\WINDOWS\System32\PSAPI.DLL
0x00007ffd76420000 - 0x00007ffd76429000 	C:\WINDOWS\SYSTEM32\WSOCK32.dll
0x00007ffd87820000 - 0x00007ffd8788d000 	C:\WINDOWS\System32\WS2_32.dll
0x00007ffd81e90000 - 0x00007ffd81eb4000 	C:\WINDOWS\SYSTEM32\WINMM.dll
0x00007ffd7f4d0000 - 0x00007ffd7f4da000 	C:\WINDOWS\SYSTEM32\VERSION.dll
0x00007ffd81d40000 - 0x00007ffd81d6d000 	C:\WINDOWS\SYSTEM32\WINMMBASE.dll
0x00007ffd83db0000 - 0x00007ffd83dfa000 	C:\WINDOWS\System32\cfgmgr32.dll
0x00007ffd81fc0000 - 0x00007ffd81fcf000 	C:\Program Files\Java\jdk1.8.0_231\jre\bin\verify.dll
0x00007ffd7c360000 - 0x00007ffd7c389000 	C:\Program Files\Java\jdk1.8.0_231\jre\bin\java.dll
0x00007ffd7c310000 - 0x00007ffd7c326000 	C:\Program Files\Java\jdk1.8.0_231\jre\bin\zip.dll
0x00007ffd85530000 - 0x00007ffd86a24000 	C:\WINDOWS\System32\SHELL32.dll
0x00007ffd86ab0000 - 0x00007ffd86b58000 	C:\WINDOWS\System32\shcore.dll
0x00007ffd847c0000 - 0x00007ffd84f0d000 	C:\WINDOWS\System32\windows.storage.dll
0x00007ffd83d20000 - 0x00007ffd83d44000 	C:\WINDOWS\System32\profapi.dll
0x00007ffd83d50000 - 0x00007ffd83dad000 	C:\WINDOWS\System32\powrprof.dll
0x00007ffd86da0000 - 0x00007ffd86df2000 	C:\WINDOWS\System32\shlwapi.dll
0x00007ffd83d00000 - 0x00007ffd83d11000 	C:\WINDOWS\System32\kernel.appcore.dll
0x00007ffd83e60000 - 0x00007ffd83e77000 	C:\WINDOWS\System32\cryptsp.dll
0x00007ffd81fb0000 - 0x00007ffd81fbd000 	C:\Program Files\Java\jdk1.8.0_231\jre\bin\management.dll
0x00007ffd7c410000 - 0x00007ffd7c42a000 	C:\Program Files\Java\jdk1.8.0_231\jre\bin\net.dll
0x00007ffd834f0000 - 0x00007ffd83557000 	C:\WINDOWS\system32\mswsock.dll
0x00007ffd7a440000 - 0x00007ffd7a452000 	C:\Program Files\Java\jdk1.8.0_231\jre\bin\nio.dll
0x00007ffd6be60000 - 0x00007ffd6be76000 	C:\WINDOWS\system32\napinsp.dll
0x00007ffd69950000 - 0x00007ffd6996a000 	C:\WINDOWS\system32\pnrpnsp.dll
0x00007ffd80560000 - 0x00007ffd8057b000 	C:\WINDOWS\system32\NLAapi.dll
0x00007ffd83210000 - 0x00007ffd8324d000 	C:\WINDOWS\SYSTEM32\IPHLPAPI.DLL
0x00007ffd83250000 - 0x00007ffd83316000 	C:\WINDOWS\SYSTEM32\DNSAPI.dll
0x00007ffd87a00000 - 0x00007ffd87a08000 	C:\WINDOWS\System32\NSI.dll
0x00007ffd6be50000 - 0x00007ffd6be5e000 	C:\WINDOWS\System32\winrnr.dll
0x00007ffd698f0000 - 0x00007ffd69905000 	C:\WINDOWS\system32\wshbth.dll
0x00007ffd7ac20000 - 0x00007ffd7ac2a000 	C:\Windows\System32\rasadhlp.dll
0x00007ffd77c20000 - 0x00007ffd77c99000 	C:\WINDOWS\System32\fwpuclnt.dll
0x00007ffd84290000 - 0x00007ffd842b6000 	C:\WINDOWS\System32\bcrypt.dll
0x00007ffd83070000 - 0x00007ffd830a3000 	C:\WINDOWS\system32\rsaenh.dll
0x00007ffd83be0000 - 0x00007ffd83c08000 	C:\WINDOWS\SYSTEM32\USERENV.dll
0x00007ffd836c0000 - 0x00007ffd836cc000 	C:\WINDOWS\SYSTEM32\CRYPTBASE.dll
0x00007ffd7ac30000 - 0x00007ffd7ac46000 	C:\WINDOWS\SYSTEM32\dhcpcsvc6.DLL
0x00007ffd7b040000 - 0x00007ffd7b05c000 	C:\WINDOWS\SYSTEM32\dhcpcsvc.DLL
0x00007ffd7c5b0000 - 0x00007ffd7c5d4000 	C:\Program Files\Java\jdk1.8.0_231\jre\bin\sunec.dll
0x00007ffd7de60000 - 0x00007ffd7de6b000 	C:\Program Files\Java\jdk1.8.0_231\jre\bin\sunmscapi.dll
0x00007ffd840b0000 - 0x00007ffd8428c000 	C:\WINDOWS\System32\CRYPT32.dll
0x00007ffd83ce0000 - 0x00007ffd83cf2000 	C:\WINDOWS\System32\MSASN1.dll

VM Arguments:
java_command: C:\Users\eupen\AppData\Local\Temp\surefire4121758670740695419\surefirebooter1549345355535259764.jar C:\Users\eupen\AppData\Local\Temp\surefire4121758670740695419 2020-02-28T19-46-57_244-jvmRun1 surefire7732423317706653747tmp surefire_01270798972441319309tmp
java_class_path (initial): C:\Users\eupen\AppData\Local\Temp\surefire4121758670740695419\surefirebooter1549345355535259764.jar
Launcher Type: SUN_STANDARD

Environment Variables:
JAVA_HOME=C:\Program Files\Java\jdk1.8.0_231
PATH=C:\Program Files (x86)\Common Files\Oracle\Java\javapath;C:\WINDOWS\system32;C:\WINDOWS;C:\WINDOWS\System32\Wbem;C:\WINDOWS\System32\WindowsPowerShell\v1.0\;C:\WINDOWS\System32\OpenSSH\;C:\Program Files\Java\jdk1.8.0_231\bin;C:\apache-maven-3.6.3\bin;C:\Program Files\Java\jdk1.8.0_231\bin;C:\Program Files\Git\cmd;C:\Program Files\Git\bin;C:\Users\eupen\AppData\Local\Microsoft\WindowsApps;JAVA_HOME;C:\Program Files\heroku\bin;C:\apache-maven-3.6.3\bin;C:\Program Files\Java\jdk1.8.0_231\bin;C:\Program Files\Git\bin;C:\Program Files\Git\cmd;
USERNAME=eupen
OS=Windows_NT
PROCESSOR_IDENTIFIER=Intel64 Family 6 Model 58 Stepping 9, GenuineIntel



---------------  S Y S T E M  ---------------

OS: Windows 10.0 , 64 bit Build 17763 (10.0.17763.475)

CPU:total 4 (initial active 4) (2 cores per cpu, 2 threads per core) family 6 model 58 stepping 9, cmov, cx8, fxsr, mmx, sse, sse2, sse3, ssse3, sse4.1, sse4.2, popcnt, avx, clmul, erms, ht, tsc, tscinvbit, tscinv

Memory: 4k page, physical 6082148k(457952k free), swap 20655900k(4468k free)

vm_info: Java HotSpot(TM) 64-Bit Server VM (25.231-b11) for windows-amd64 JRE (1.8.0_231-b11), built on Oct  5 2019 03:11:30 by "java_re" with MS VC++ 10.0 (VS2010)

time: Fri Feb 28 19:47:38 2020
timezone: Hora oficial do Brasil
elapsed time: 40 seconds (0d 0h 0m 40s)

