#
# There is insufficient memory for the Java Runtime Environment to continue.
# Native memory allocation (malloc) failed to allocate 32784 bytes for Chunk::new
# Possible reasons:
#   The system is out of physical RAM or swap space
#   The process is running with CompressedOops enabled, and the Java Heap may be blocking the growth of the native heap
# Possible solutions:
#   Reduce memory load on the system
#   Increase physical memory or swap space
#   Check if swap backing store is full
#   Decrease Java heap size (-Xmx/-Xms)
#   Decrease number of Java threads
#   Decrease Java thread stack sizes (-Xss)
#   Set larger code cache with -XX:ReservedCodeCacheSize=
#   JVM is running with Unscaled Compressed Oops mode in which the Java heap is
#     placed in the first 4GB address space. The Java Heap base address is the
#     maximum limit for the native heap growth. Please use -XX:HeapBaseMinAddress
#     to set the Java Heap base and to place the Java Heap above 4GB virtual address.
# This output file may be truncated or incomplete.
#
#  Out of Memory Error (allocation.cpp:389), pid=7404, tid=0x0000000000003250
#
# JRE version: Java(TM) SE Runtime Environment (8.0_231-b11) (build 1.8.0_231-b11)
# Java VM: Java HotSpot(TM) 64-Bit Server VM (25.231-b11 mixed mode windows-amd64 compressed oops)
# Failed to write core dump. Minidumps are not enabled by default on client versions of Windows
#

---------------  T H R E A D  ---------------

Current thread (0x0000000015ccf000):  JavaThread "C2 CompilerThread0" daemon [_thread_in_native, id=12880, stack(0x0000000017330000,0x0000000017430000)]

Stack: [0x0000000017330000,0x0000000017430000]
[error occurred during error reporting (printing stack bounds), id 0xc0000005]

Native frames: (J=compiled Java code, j=interpreted, Vv=VM code, C=native code)


Current CompileTask:
C2:   3383 2237       4       org.apache.maven.model.ConfigurationContainer::getLocation (147 bytes)


---------------  P R O C E S S  ---------------

Java Threads: ( => current thread )
  0x0000000017660800 JavaThread "Service Thread" daemon [_thread_blocked, id=6644, stack(0x0000000017a30000,0x0000000017b30000)]
  0x0000000015cdb000 JavaThread "C1 CompilerThread2" daemon [_thread_blocked, id=452, stack(0x0000000017530000,0x0000000017630000)]
  0x0000000015cd3800 JavaThread "C2 CompilerThread1" daemon [_thread_in_native, id=11408, stack(0x0000000017430000,0x0000000017530000)]
=>0x0000000015ccf000 JavaThread "C2 CompilerThread0" daemon [_thread_in_native, id=12880, stack(0x0000000017330000,0x0000000017430000)]
  0x0000000015ccd800 JavaThread "Attach Listener" daemon [_thread_blocked, id=4712, stack(0x0000000017230000,0x0000000017330000)]
  0x0000000015ccc000 JavaThread "Signal Dispatcher" daemon [_thread_blocked, id=2488, stack(0x0000000017130000,0x0000000017230000)]
  0x000000000252c000 JavaThread "Finalizer" daemon [_thread_blocked, id=12012, stack(0x0000000016f20000,0x0000000017020000)]
  0x0000000015cba000 JavaThread "Reference Handler" daemon [_thread_blocked, id=4440, stack(0x0000000016e20000,0x0000000016f20000)]
  0x00000000008fe800 JavaThread "main" [_thread_in_native, id=1376, stack(0x0000000002330000,0x0000000002430000)]

Other Threads:
  0x0000000015c97800 VMThread [stack: 0x0000000016d20000,0x0000000016e20000] [id=2724]
  0x0000000015d2d800 WatcherThread [stack: 0x0000000017c90000,0x0000000017d90000] [id=8580]

VM state:not at safepoint (normal execution)

VM Mutex/Monitor currently owned by a thread: None

heap address: 0x00000000a3200000, size: 1486 MB, Compressed Oops mode: 32-bit
Narrow klass base: 0x0000000000000000, Narrow klass shift: 3
Compressed class space size: 1073741824 Address: 0x0000000100000000

Heap:
 PSYoungGen      total 52736K, used 26178K [0x00000000e1100000, 0x00000000e4800000, 0x0000000100000000)
  eden space 49152K, 45% used [0x00000000e1100000,0x00000000e27108a8,0x00000000e4100000)
  from space 3584K, 100% used [0x00000000e4100000,0x00000000e4480000,0x00000000e4480000)
  to   space 3584K, 0% used [0x00000000e4480000,0x00000000e4480000,0x00000000e4800000)
 ParOldGen       total 64512K, used 9810K [0x00000000a3200000, 0x00000000a7100000, 0x00000000e1100000)
  object space 64512K, 15% used [0x00000000a3200000,0x00000000a3b94920,0x00000000a7100000)
 Metaspace       used 15507K, capacity 15732K, committed 16128K, reserved 1062912K
  class space    used 1862K, capacity 1944K, committed 2048K, reserved 1048576K

Card table byte_map: [0x00000000118f0000,0x0000000011be0000] byte_map_base: 0x00000000113d7000

Marking Bits: (ParMarkBitMap*) 0x000000005b4d6d90
 Begin Bits: [0x00000000121d0000, 0x0000000013908000)
 End Bits:   [0x0000000013908000, 0x0000000015040000)

Polling page: 0x0000000000890000

CodeCache: size=245760Kb used=7739Kb max_used=7739Kb free=238020Kb
 bounds [0x0000000002530000, 0x0000000002cd0000, 0x0000000011530000]
 total_blobs=2604 nmethods=2244 adapters=272
 compilation: enabled

Compilation events (10 events):
Event: 3.353 Thread 0x0000000015cdb000 nmethod 2246 0x0000000002caba50 code [0x0000000002cabc20, 0x0000000002cac388]
Event: 3.353 Thread 0x0000000015cdb000 2245       3       java.io.Writer::write (11 bytes)
Event: 3.354 Thread 0x0000000015cdb000 nmethod 2245 0x0000000002cafd90 code [0x0000000002caff00, 0x0000000002cb0208]
Event: 3.357 Thread 0x0000000015ccf000 nmethod 2238 0x0000000002cb4010 code [0x0000000002cb41e0, 0x0000000002cb5288]
Event: 3.358 Thread 0x0000000015ccf000 2240       4       org.apache.maven.model.validation.DefaultModelValidator::validateEffectiveDependency (616 bytes)
Event: 3.359 Thread 0x0000000015cdb000 2247       3       org.apache.maven.model.ModelBase::getPluginRepositories (23 bytes)
Event: 3.359 Thread 0x0000000015cdb000 nmethod 2247 0x0000000002caf710 code [0x0000000002caf880, 0x0000000002cafc10]
Event: 3.366 Thread 0x0000000015cdb000 2248       3       java.util.Properties::saveConvert (434 bytes)
Event: 3.370 Thread 0x0000000015ccf000 nmethod 2240 0x0000000002cb5cd0 code [0x0000000002cb5f00, 0x0000000002cb66c8]
Event: 3.370 Thread 0x0000000015ccf000 2237       4       org.apache.maven.model.ConfigurationContainer::getLocation (147 bytes)

GC Heap History (6 events):
Event: 0.813 GC heap before
{Heap before GC invocations=1 (full 0):
 PSYoungGen      total 28160K, used 24576K [0x00000000e1100000, 0x00000000e3000000, 0x0000000100000000)
  eden space 24576K, 100% used [0x00000000e1100000,0x00000000e2900000,0x00000000e2900000)
  from space 3584K, 0% used [0x00000000e2c80000,0x00000000e2c80000,0x00000000e3000000)
  to   space 3584K, 0% used [0x00000000e2900000,0x00000000e2900000,0x00000000e2c80000)
 ParOldGen       total 64512K, used 0K [0x00000000a3200000, 0x00000000a7100000, 0x00000000e1100000)
  object space 64512K, 0% used [0x00000000a3200000,0x00000000a3200000,0x00000000a7100000)
 Metaspace       used 7795K, capacity 7868K, committed 7936K, reserved 1056768K
  class space    used 939K, capacity 984K, committed 1024K, reserved 1048576K
Event: 0.825 GC heap after
Heap after GC invocations=1 (full 0):
 PSYoungGen      total 28160K, used 3576K [0x00000000e1100000, 0x00000000e4800000, 0x0000000100000000)
  eden space 24576K, 0% used [0x00000000e1100000,0x00000000e1100000,0x00000000e2900000)
  from space 3584K, 99% used [0x00000000e2900000,0x00000000e2c7e290,0x00000000e2c80000)
  to   space 3584K, 0% used [0x00000000e4480000,0x00000000e4480000,0x00000000e4800000)
 ParOldGen       total 64512K, used 1006K [0x00000000a3200000, 0x00000000a7100000, 0x00000000e1100000)
  object space 64512K, 1% used [0x00000000a3200000,0x00000000a32fb908,0x00000000a7100000)
 Metaspace       used 7795K, capacity 7868K, committed 7936K, reserved 1056768K
  class space    used 939K, capacity 984K, committed 1024K, reserved 1048576K
}
Event: 1.500 GC heap before
{Heap before GC invocations=2 (full 0):
 PSYoungGen      total 28160K, used 28152K [0x00000000e1100000, 0x00000000e4800000, 0x0000000100000000)
  eden space 24576K, 100% used [0x00000000e1100000,0x00000000e2900000,0x00000000e2900000)
  from space 3584K, 99% used [0x00000000e2900000,0x00000000e2c7e290,0x00000000e2c80000)
  to   space 3584K, 0% used [0x00000000e4480000,0x00000000e4480000,0x00000000e4800000)
 ParOldGen       total 64512K, used 1006K [0x00000000a3200000, 0x00000000a7100000, 0x00000000e1100000)
  object space 64512K, 1% used [0x00000000a3200000,0x00000000a32fb908,0x00000000a7100000)
 Metaspace       used 10005K, capacity 10108K, committed 10240K, reserved 1058816K
  class space    used 1214K, capacity 1280K, committed 1280K, reserved 1048576K
Event: 1.509 GC heap after
Heap after GC invocations=2 (full 0):
 PSYoungGen      total 52736K, used 3553K [0x00000000e1100000, 0x00000000e4800000, 0x0000000100000000)
  eden space 49152K, 0% used [0x00000000e1100000,0x00000000e1100000,0x00000000e4100000)
  from space 3584K, 99% used [0x00000000e4480000,0x00000000e47f8670,0x00000000e4800000)
  to   space 3584K, 0% used [0x00000000e4100000,0x00000000e4100000,0x00000000e4480000)
 ParOldGen       total 64512K, used 2723K [0x00000000a3200000, 0x00000000a7100000, 0x00000000e1100000)
  object space 64512K, 4% used [0x00000000a3200000,0x00000000a34a8d60,0x00000000a7100000)
 Metaspace       used 10005K, capacity 10108K, committed 10240K, reserved 1058816K
  class space    used 1214K, capacity 1280K, committed 1280K, reserved 1048576K
}
Event: 2.879 GC heap before
{Heap before GC invocations=3 (full 0):
 PSYoungGen      total 52736K, used 52705K [0x00000000e1100000, 0x00000000e4800000, 0x0000000100000000)
  eden space 49152K, 100% used [0x00000000e1100000,0x00000000e4100000,0x00000000e4100000)
  from space 3584K, 99% used [0x00000000e4480000,0x00000000e47f8670,0x00000000e4800000)
  to   space 3584K, 0% used [0x00000000e4100000,0x00000000e4100000,0x00000000e4480000)
 ParOldGen       total 64512K, used 2723K [0x00000000a3200000, 0x00000000a7100000, 0x00000000e1100000)
  object space 64512K, 4% used [0x00000000a3200000,0x00000000a34a8d60,0x00000000a7100000)
 Metaspace       used 15144K, capacity 15412K, committed 15616K, reserved 1062912K
  class space    used 1832K, capacity 1944K, committed 2048K, reserved 1048576K
Event: 2.897 GC heap after
Heap after GC invocations=3 (full 0):
 PSYoungGen      total 52736K, used 3584K [0x00000000e1100000, 0x00000000e4800000, 0x0000000100000000)
  eden space 49152K, 0% used [0x00000000e1100000,0x00000000e1100000,0x00000000e4100000)
  from space 3584K, 100% used [0x00000000e4100000,0x00000000e4480000,0x00000000e4480000)
  to   space 3584K, 0% used [0x00000000e4480000,0x00000000e4480000,0x00000000e4800000)
 ParOldGen       total 64512K, used 9810K [0x00000000a3200000, 0x00000000a7100000, 0x00000000e1100000)
  object space 64512K, 15% used [0x00000000a3200000,0x00000000a3b94920,0x00000000a7100000)
 Metaspace       used 15144K, capacity 15412K, committed 15616K, reserved 1062912K
  class space    used 1832K, capacity 1944K, committed 2048K, reserved 1048576K
}

Deoptimization events (10 events):
Event: 2.379 Thread 0x00000000008fe800 Uncommon trap: reason=bimorphic action=maybe_recompile pc=0x0000000002a6eeb8 method=java.util.regex.Pattern$CharProperty.match(Ljava/util/regex/Matcher;ILjava/lang/CharSequence;)Z @ 37
Event: 2.464 Thread 0x00000000008fe800 Uncommon trap: reason=unstable_if action=reinterpret pc=0x000000000299ad90 method=java.lang.String.substring(I)Ljava/lang/String; @ 35
Event: 2.507 Thread 0x00000000008fe800 Uncommon trap: reason=unstable_if action=reinterpret pc=0x0000000002aa7e08 method=org.codehaus.plexus.util.xml.pull.MXParser.nextImpl()I @ 879
Event: 2.546 Thread 0x00000000008fe800 Uncommon trap: reason=null_check action=make_not_entrant pc=0x0000000002af41f8 method=org.apache.maven.model.io.xpp3.MavenXpp3ReaderEx.checkFieldWithDuplicate(Lorg/codehaus/plexus/util/xml/pull/XmlPullParser;Ljava/lang/String;Ljava/lang/String;Ljava/util/
Event: 2.546 Thread 0x00000000008fe800 Uncommon trap: reason=unstable_if action=reinterpret pc=0x0000000002acb4f4 method=java.lang.String.trim()Ljava/lang/String; @ 63
Event: 2.555 Thread 0x00000000008fe800 Uncommon trap: reason=unstable_if action=reinterpret pc=0x00000000027f6d84 method=sun.nio.cs.UTF_8$Decoder.decode([BII[C)I @ 30
Event: 2.556 Thread 0x00000000008fe800 Uncommon trap: reason=unstable_if action=reinterpret pc=0x00000000027f3c14 method=sun.nio.cs.UTF_8$Decoder.decodeArrayLoop(Ljava/nio/ByteBuffer;Ljava/nio/CharBuffer;)Ljava/nio/charset/CoderResult; @ 84
Event: 2.950 Thread 0x00000000008fe800 Uncommon trap: reason=unstable_if action=reinterpret pc=0x0000000002b39e70 method=org.codehaus.plexus.util.xml.pull.MXParser.nextImpl()I @ 1161
Event: 3.001 Thread 0x00000000008fe800 Uncommon trap: reason=null_check action=make_not_entrant pc=0x0000000002be8038 method=org.apache.maven.model.io.xpp3.MavenXpp3Reader.checkFieldWithDuplicate(Lorg/codehaus/plexus/util/xml/pull/XmlPullParser;Ljava/lang/String;Ljava/lang/String;Ljava/util/Se
Event: 3.327 Thread 0x00000000008fe800 Uncommon trap: reason=null_check action=make_not_entrant pc=0x0000000002ca65d0 method=org.apache.maven.model.validation.DefaultModelValidator.validateEffectiveDependency(Lorg/apache/maven/model/building/ModelProblemCollector;Lorg/apache/maven/model/Depend

Classes redefined (0 events):
No events

Internal exceptions (10 events):
Event: 2.256 Thread 0x00000000008fe800 Exception <a 'java/lang/NullPointerException'> (0x00000000e2c5a378) thrown at [C:\re\workspace\8-2-build-windows-amd64-cygwin\jdk8u231\13620\hotspot\src\share\vm\interpreter\linkResolver.cpp, line 1185]
Event: 2.256 Thread 0x00000000008fe800 Exception <a 'java/lang/NullPointerException'> (0x00000000e2c5a590) thrown at [C:\re\workspace\8-2-build-windows-amd64-cygwin\jdk8u231\13620\hotspot\src\share\vm\interpreter\linkResolver.cpp, line 1185]
Event: 2.256 Thread 0x00000000008fe800 Exception <a 'java/lang/NullPointerException'> (0x00000000e2c62498) thrown at [C:\re\workspace\8-2-build-windows-amd64-cygwin\jdk8u231\13620\hotspot\src\share\vm\interpreter\linkResolver.cpp, line 1185]
Event: 2.256 Thread 0x00000000008fe800 Exception <a 'java/lang/NullPointerException'> (0x00000000e2c626b0) thrown at [C:\re\workspace\8-2-build-windows-amd64-cygwin\jdk8u231\13620\hotspot\src\share\vm\interpreter\linkResolver.cpp, line 1185]
Event: 2.256 Thread 0x00000000008fe800 Exception <a 'java/lang/NullPointerException'> (0x00000000e2c628c8) thrown at [C:\re\workspace\8-2-build-windows-amd64-cygwin\jdk8u231\13620\hotspot\src\share\vm\interpreter\linkResolver.cpp, line 1185]
Event: 2.313 Thread 0x00000000008fe800 Implicit null exception at 0x0000000002778716 to 0x0000000002778ab1
Event: 2.313 Thread 0x00000000008fe800 Implicit null exception at 0x0000000002731956 to 0x0000000002731ced
Event: 2.546 Thread 0x00000000008fe800 Implicit null exception at 0x0000000002af2f4d to 0x0000000002af41e1
Event: 3.001 Thread 0x00000000008fe800 Implicit null exception at 0x0000000002be6d88 to 0x0000000002be8021
Event: 3.327 Thread 0x00000000008fe800 Implicit null exception at 0x0000000002ca6060 to 0x0000000002ca65ad

Events (10 events):
Event: 3.348 loading class sun/util/locale/provider/TimeZoneNameProviderImpl
Event: 3.348 loading class sun/util/locale/provider/TimeZoneNameProviderImpl done
Event: 3.348 loading class sun/util/locale/provider/TimeZoneNameUtility$TimeZoneNameGetter
Event: 3.349 loading class sun/util/locale/provider/TimeZoneNameUtility$TimeZoneNameGetter done
Event: 3.349 loading class sun/util/resources/TimeZoneNames
Event: 3.350 loading class sun/util/resources/TimeZoneNamesBundle
Event: 3.350 loading class sun/util/resources/TimeZoneNamesBundle done
Event: 3.350 loading class sun/util/resources/TimeZoneNames done
Event: 3.351 loading class sun/util/resources/en/TimeZoneNames_en
Event: 3.351 loading class sun/util/resources/en/TimeZoneNames_en done


Dynamic libraries:
0x00007ff6272f0000 - 0x00007ff627327000 	C:\Program Files\Java\jdk1.8.0_231\bin\java.exe
0x00007ffb2ea00000 - 0x00007ffb2ebed000 	C:\WINDOWS\SYSTEM32\ntdll.dll
0x00007ffb26da0000 - 0x00007ffb26db5000 	C:\Program Files\AVAST Software\Avast\aswhook.dll
0x00007ffb2e150000 - 0x00007ffb2e203000 	C:\WINDOWS\System32\KERNEL32.DLL
0x00007ffb2aac0000 - 0x00007ffb2ad53000 	C:\WINDOWS\System32\KERNELBASE.dll
0x00007ffb2e320000 - 0x00007ffb2e3c3000 	C:\WINDOWS\System32\ADVAPI32.dll
0x00007ffb2e270000 - 0x00007ffb2e30e000 	C:\WINDOWS\System32\msvcrt.dll
0x00007ffb2bc20000 - 0x00007ffb2bcbe000 	C:\WINDOWS\System32\sechost.dll
0x00007ffb2c3c0000 - 0x00007ffb2c4e2000 	C:\WINDOWS\System32\RPCRT4.dll
0x00007ffb2c4f0000 - 0x00007ffb2c687000 	C:\WINDOWS\System32\USER32.dll
0x00007ffb2ae00000 - 0x00007ffb2ae20000 	C:\WINDOWS\System32\win32u.dll
0x00007ffb2bcd0000 - 0x00007ffb2bcf9000 	C:\WINDOWS\System32\GDI32.dll
0x00007ffb2b180000 - 0x00007ffb2b319000 	C:\WINDOWS\System32\gdi32full.dll
0x00007ffb2ad60000 - 0x00007ffb2ae00000 	C:\WINDOWS\System32\msvcp_win.dll
0x00007ffb2b080000 - 0x00007ffb2b17a000 	C:\WINDOWS\System32\ucrtbase.dll
0x00007ffb18b10000 - 0x00007ffb18d89000 	C:\WINDOWS\WinSxS\amd64_microsoft.windows.common-controls_6595b64144ccf1df_6.0.17763.1039_none_de701650534c7021\COMCTL32.dll
0x00007ffb2be70000 - 0x00007ffb2c19c000 	C:\WINDOWS\System32\combase.dll
0x00007ffb2b000000 - 0x00007ffb2b07e000 	C:\WINDOWS\System32\bcryptPrimitives.dll
0x00007ffb2e120000 - 0x00007ffb2e14e000 	C:\WINDOWS\System32\IMM32.DLL
0x000000005b560000 - 0x000000005b632000 	C:\Program Files\Java\jdk1.8.0_231\jre\bin\msvcr100.dll
0x000000005acb0000 - 0x000000005b556000 	C:\Program Files\Java\jdk1.8.0_231\jre\bin\server\jvm.dll
0x00007ffb2c250000 - 0x00007ffb2c258000 	C:\WINDOWS\System32\PSAPI.DLL
0x00007ffb1eda0000 - 0x00007ffb1eda9000 	C:\WINDOWS\SYSTEM32\WSOCK32.dll
0x00007ffb2c930000 - 0x00007ffb2c99d000 	C:\WINDOWS\System32\WS2_32.dll
0x00007ffb28b70000 - 0x00007ffb28b94000 	C:\WINDOWS\SYSTEM32\WINMM.dll
0x00007ffb25420000 - 0x00007ffb2542a000 	C:\WINDOWS\SYSTEM32\VERSION.dll
0x00007ffb28b40000 - 0x00007ffb28b6d000 	C:\WINDOWS\SYSTEM32\WINMMBASE.dll
0x00007ffb2bbd0000 - 0x00007ffb2bc1a000 	C:\WINDOWS\System32\cfgmgr32.dll
0x00007ffb23690000 - 0x00007ffb2369f000 	C:\Program Files\Java\jdk1.8.0_231\jre\bin\verify.dll
0x00007ffafece0000 - 0x00007ffafed09000 	C:\Program Files\Java\jdk1.8.0_231\jre\bin\java.dll
0x00007ffaff1b0000 - 0x00007ffaff1c6000 	C:\Program Files\Java\jdk1.8.0_231\jre\bin\zip.dll
0x00007ffb2cc20000 - 0x00007ffb2e114000 	C:\WINDOWS\System32\SHELL32.dll
0x00007ffb2bd00000 - 0x00007ffb2bda8000 	C:\WINDOWS\System32\shcore.dll
0x00007ffb2b480000 - 0x00007ffb2bbcd000 	C:\WINDOWS\System32\windows.storage.dll
0x00007ffb2aa90000 - 0x00007ffb2aab4000 	C:\WINDOWS\System32\profapi.dll
0x00007ffb2aa10000 - 0x00007ffb2aa6d000 	C:\WINDOWS\System32\powrprof.dll
0x00007ffb2e8d0000 - 0x00007ffb2e922000 	C:\WINDOWS\System32\shlwapi.dll
0x00007ffb2a9f0000 - 0x00007ffb2aa01000 	C:\WINDOWS\System32\kernel.appcore.dll
0x00007ffb2b320000 - 0x00007ffb2b337000 	C:\WINDOWS\System32\cryptsp.dll
0x00007ffb26460000 - 0x00007ffb2646a000 	C:\apache-maven-3.6.3\lib\jansi-native\windows64\jansi.dll
0x00007ffafe100000 - 0x00007ffafe11a000 	C:\Program Files\Java\jdk1.8.0_231\jre\bin\net.dll
0x00007ffb2a200000 - 0x00007ffb2a267000 	C:\WINDOWS\system32\mswsock.dll
0x00007ffafda60000 - 0x00007ffafda72000 	C:\Program Files\Java\jdk1.8.0_231\jre\bin\nio.dll

VM Arguments:
jvm_args: -Dclassworlds.conf=C:\apache-maven-3.6.3\bin\..\bin\m2.conf -Dmaven.home=C:\apache-maven-3.6.3\bin\.. -Dlibrary.jansi.path=C:\apache-maven-3.6.3\bin\..\lib\jansi-native -Dmaven.multiModuleProjectDirectory=C:\Users\eupen\Documents\workspace-spring-tool-suite-4-4.5.1.RELEASE\sibreweb3.0 
java_command: org.codehaus.plexus.classworlds.launcher.Launcher install
java_class_path (initial): C:\apache-maven-3.6.3\bin\..\boot\plexus-classworlds-2.6.0.jar
Launcher Type: SUN_STANDARD

Environment Variables:
JAVA_HOME=C:\Program Files\Java\jdk1.8.0_231
PATH=C:\Program Files (x86)\Common Files\Oracle\Java\javapath;C:\WINDOWS\system32;C:\WINDOWS;C:\WINDOWS\System32\Wbem;C:\WINDOWS\System32\WindowsPowerShell\v1.0\;C:\WINDOWS\System32\OpenSSH\;C:\Program Files\Java\jdk1.8.0_231\bin;C:\apache-maven-3.6.3\bin;C:\Program Files\Java\jdk1.8.0_231\bin;C:\Program Files\Git\cmd;C:\Program Files\Git\bin;C:\Users\eupen\AppData\Local\Microsoft\WindowsApps;JAVA_HOME;C:\Program Files\heroku\bin;C:\apache-maven-3.6.3\bin;C:\Program Files\Java\jdk1.8.0_231\bin;C:\Program Files\Git\bin;C:\Program Files\Git\cmd;
USERNAME=eupen
OS=Windows_NT
PROCESSOR_IDENTIFIER=Intel64 Family 6 Model 58 Stepping 9, GenuineIntel



---------------  S Y S T E M  ---------------

OS: Windows 10.0 , 64 bit Build 17763 (10.0.17763.475)

CPU:total 4 (initial active 4) (2 cores per cpu, 2 threads per core) family 6 model 58 stepping 9, cmov, cx8, fxsr, mmx, sse, sse2, sse3, ssse3, sse4.1, sse4.2, popcnt, avx, clmul, erms, ht, tsc, tscinvbit, tscinv

Memory: 4k page, physical 6082148k(273468k free), swap 20655900k(7736k free)

vm_info: Java HotSpot(TM) 64-Bit Server VM (25.231-b11) for windows-amd64 JRE (1.8.0_231-b11), built on Oct  5 2019 03:11:30 by "java_re" with MS VC++ 10.0 (VS2010)

time: Sat Feb 29 19:45:05 2020
timezone: Hora oficial do Brasil
elapsed time: 3 seconds (0d 0h 0m 3s)

